::1 - - [26/Jan/2020:06:14:06 +0000] "PUT /upload HTTP/1.1" 500 21 "http://localhost:4200/" "Mozilla/5.0 (Windows NT 10.0; Win64; x64) AppleWebKit/537.36 (KHTML, like Gecko) Chrome/79.0.3945.130 Safari/537.36"
::1 - - [26/Jan/2020:06:14:08 +0000] "GET /download/demo.html HTTP/1.1" 404 157 "http://localhost:4200/" "Mozilla/5.0 (Windows NT 10.0; Win64; x64) AppleWebKit/537.36 (KHTML, like Gecko) Chrome/79.0.3945.130 Safari/537.36"
::1 - - [26/Jan/2020:06:15:18 +0000] "PUT /upload HTTP/1.1" 200 2947 "http://localhost:4200/" "Mozilla/5.0 (Windows NT 10.0; Win64; x64) AppleWebKit/537.36 (KHTML, like Gecko) Chrome/79.0.3945.130 Safari/537.36"
::1 - - [26/Jan/2020:06:15:20 +0000] "GET /download/demo.html HTTP/1.1" 200 2167 "http://localhost:4200/" "Mozilla/5.0 (Windows NT 10.0; Win64; x64) AppleWebKit/537.36 (KHTML, like Gecko) Chrome/79.0.3945.130 Safari/537.36"
::1 - - [26/Jan/2020:06:16:34 +0000] "GET /download/demo.html HTTP/1.1" 304 - "http://localhost:4200/" "Mozilla/5.0 (Windows NT 10.0; Win64; x64) AppleWebKit/537.36 (KHTML, like Gecko) Chrome/79.0.3945.130 Safari/537.36"
::1 - - [26/Jan/2020:06:17:55 +0000] "PUT /upload HTTP/1.1" 200 2979 "http://localhost:4200/" "Mozilla/5.0 (Windows NT 10.0; Win64; x64) AppleWebKit/537.36 (KHTML, like Gecko) Chrome/79.0.3945.130 Safari/537.36"
::1 - - [26/Jan/2020:06:17:57 +0000] "GET /download/demo.html HTTP/1.1" 200 2192 "http://localhost:4200/" "Mozilla/5.0 (Windows NT 10.0; Win64; x64) AppleWebKit/537.36 (KHTML, like Gecko) Chrome/79.0.3945.130 Safari/537.36"
::1 - - [26/Jan/2020:06:20:22 +0000] "PUT /upload HTTP/1.1" 200 3007 "http://localhost:4200/" "Mozilla/5.0 (Windows NT 10.0; Win64; x64) AppleWebKit/537.36 (KHTML, like Gecko) Chrome/79.0.3945.130 Safari/537.36"
::1 - - [26/Jan/2020:06:20:24 +0000] "GET /download/demo.html HTTP/1.1" 200 2212 "http://localhost:4200/" "Mozilla/5.0 (Windows NT 10.0; Win64; x64) AppleWebKit/537.36 (KHTML, like Gecko) Chrome/79.0.3945.130 Safari/537.36"
::1 - - [26/Jan/2020:06:22:33 +0000] "PUT /upload HTTP/1.1" 200 3007 "http://localhost:4200/" "Mozilla/5.0 (Windows NT 10.0; Win64; x64) AppleWebKit/537.36 (KHTML, like Gecko) Chrome/79.0.3945.130 Safari/537.36"
::1 - - [26/Jan/2020:06:22:54 +0000] "PUT /upload HTTP/1.1" 200 3007 "http://localhost:4200/" "Mozilla/5.0 (Windows NT 10.0; Win64; x64) AppleWebKit/537.36 (KHTML, like Gecko) Chrome/79.0.3945.130 Safari/537.36"
::1 - - [26/Jan/2020:06:23:12 +0000] "PUT /upload HTTP/1.1" 200 3007 "http://localhost:4200/" "Mozilla/5.0 (Windows NT 10.0; Win64; x64) AppleWebKit/537.36 (KHTML, like Gecko) Chrome/79.0.3945.130 Safari/537.36"
::1 - - [26/Jan/2020:06:23:13 +0000] "PUT /upload HTTP/1.1" 200 3007 "http://localhost:4200/" "Mozilla/5.0 (Windows NT 10.0; Win64; x64) AppleWebKit/537.36 (KHTML, like Gecko) Chrome/79.0.3945.130 Safari/537.36"
::1 - - [26/Jan/2020:06:24:34 +0000] "PUT /upload HTTP/1.1" 200 3007 "http://localhost:4200/" "Mozilla/5.0 (Windows NT 10.0; Win64; x64) AppleWebKit/537.36 (KHTML, like Gecko) Chrome/79.0.3945.130 Safari/537.36"
::1 - - [26/Jan/2020:06:24:59 +0000] "PUT /upload HTTP/1.1" 200 3007 "http://localhost:4200/" "Mozilla/5.0 (Linux; Android 6.0; Nexus 5 Build/MRA58N) AppleWebKit/537.36 (KHTML, like Gecko) Chrome/79.0.3945.130 Mobile Safari/537.36"
::1 - - [26/Jan/2020:06:25:42 +0000] "PUT /upload HTTP/1.1" 200 3007 "http://localhost:4200/" "Mozilla/5.0 (Linux; Android 6.0; Nexus 5 Build/MRA58N) AppleWebKit/537.36 (KHTML, like Gecko) Chrome/79.0.3945.130 Mobile Safari/537.36"
::1 - - [26/Jan/2020:06:50:43 +0000] "PUT /upload HTTP/1.1" 200 3007 "http://localhost:4200/" "Mozilla/5.0 (Linux; Android 6.0; Nexus 5 Build/MRA58N) AppleWebKit/537.36 (KHTML, like Gecko) Chrome/79.0.3945.130 Mobile Safari/537.36"
::1 - - [26/Jan/2020:06:52:44 +0000] "PUT /upload HTTP/1.1" 200 3007 "http://localhost:4200/" "Mozilla/5.0 (Linux; Android 6.0; Nexus 5 Build/MRA58N) AppleWebKit/537.36 (KHTML, like Gecko) Chrome/79.0.3945.130 Mobile Safari/537.36"
::1 - - [26/Jan/2020:07:00:44 +0000] "PUT /upload HTTP/1.1" 200 3007 "http://localhost:4200/" "Mozilla/5.0 (Linux; Android 6.0; Nexus 5 Build/MRA58N) AppleWebKit/537.36 (KHTML, like Gecko) Chrome/79.0.3945.130 Mobile Safari/537.36"
::1 - - [26/Jan/2020:07:00:46 +0000] "DELETE /files/$%7BfileName%7D HTTP/1.1" 500 1300 "http://localhost:4200/" "Mozilla/5.0 (Linux; Android 6.0; Nexus 5 Build/MRA58N) AppleWebKit/537.36 (KHTML, like Gecko) Chrome/79.0.3945.130 Mobile Safari/537.36"
::1 - - [26/Jan/2020:07:01:26 +0000] "PUT /upload HTTP/1.1" 200 3007 "http://localhost:4200/" "Mozilla/5.0 (Linux; Android 6.0; Nexus 5 Build/MRA58N) AppleWebKit/537.36 (KHTML, like Gecko) Chrome/79.0.3945.130 Mobile Safari/537.36"
::1 - - [26/Jan/2020:07:01:27 +0000] "DELETE /files/$%7BfileName%7D HTTP/1.1" 500 21 "http://localhost:4200/" "Mozilla/5.0 (Linux; Android 6.0; Nexus 5 Build/MRA58N) AppleWebKit/537.36 (KHTML, like Gecko) Chrome/79.0.3945.130 Mobile Safari/537.36"
::1 - - [26/Jan/2020:07:09:17 +0000] "PUT /upload HTTP/1.1" 200 3007 "http://localhost:4200/" "Mozilla/5.0 (Linux; Android 6.0; Nexus 5 Build/MRA58N) AppleWebKit/537.36 (KHTML, like Gecko) Chrome/79.0.3945.130 Mobile Safari/537.36"
::1 - - [26/Jan/2020:07:09:18 +0000] "DELETE /remove/demo.html HTTP/1.1" 404 158 "http://localhost:4200/" "Mozilla/5.0 (Linux; Android 6.0; Nexus 5 Build/MRA58N) AppleWebKit/537.36 (KHTML, like Gecko) Chrome/79.0.3945.130 Mobile Safari/537.36"
::1 - - [26/Jan/2020:07:10:01 +0000] "PUT /upload HTTP/1.1" 200 3007 "http://localhost:4200/" "Mozilla/5.0 (Linux; Android 6.0; Nexus 5 Build/MRA58N) AppleWebKit/537.36 (KHTML, like Gecko) Chrome/79.0.3945.130 Mobile Safari/537.36"
::1 - - [26/Jan/2020:07:10:02 +0000] "DELETE /remove/demo.html HTTP/1.1" 404 158 "http://localhost:4200/" "Mozilla/5.0 (Linux; Android 6.0; Nexus 5 Build/MRA58N) AppleWebKit/537.36 (KHTML, like Gecko) Chrome/79.0.3945.130 Mobile Safari/537.36"
::1 - - [26/Jan/2020:07:10:39 +0000] "PUT /upload HTTP/1.1" 200 3007 "http://localhost:4200/" "Mozilla/5.0 (Linux; Android 6.0; Nexus 5 Build/MRA58N) AppleWebKit/537.36 (KHTML, like Gecko) Chrome/79.0.3945.130 Mobile Safari/537.36"
::1 - - [26/Jan/2020:07:10:40 +0000] "DELETE /remove/demo.html HTTP/1.1" 500 1300 "http://localhost:4200/" "Mozilla/5.0 (Linux; Android 6.0; Nexus 5 Build/MRA58N) AppleWebKit/537.36 (KHTML, like Gecko) Chrome/79.0.3945.130 Mobile Safari/537.36"
::1 - - [26/Jan/2020:07:11:22 +0000] "PUT /upload HTTP/1.1" 200 3007 "http://localhost:4200/" "Mozilla/5.0 (Linux; Android 6.0; Nexus 5 Build/MRA58N) AppleWebKit/537.36 (KHTML, like Gecko) Chrome/79.0.3945.130 Mobile Safari/537.36"
::1 - - [26/Jan/2020:07:11:24 +0000] "DELETE /remove/demo.html HTTP/1.1" 500 1308 "http://localhost:4200/" "Mozilla/5.0 (Linux; Android 6.0; Nexus 5 Build/MRA58N) AppleWebKit/537.36 (KHTML, like Gecko) Chrome/79.0.3945.130 Mobile Safari/537.36"
::1 - - [26/Jan/2020:07:13:20 +0000] "PUT /upload HTTP/1.1" 200 3007 "http://localhost:4200/" "Mozilla/5.0 (Linux; Android 6.0; Nexus 5 Build/MRA58N) AppleWebKit/537.36 (KHTML, like Gecko) Chrome/79.0.3945.130 Mobile Safari/537.36"
::1 - - [26/Jan/2020:07:13:22 +0000] "DELETE /remove/demo.html HTTP/1.1" 204 - "http://localhost:4200/" "Mozilla/5.0 (Linux; Android 6.0; Nexus 5 Build/MRA58N) AppleWebKit/537.36 (KHTML, like Gecko) Chrome/79.0.3945.130 Mobile Safari/537.36"
::1 - - [26/Jan/2020:07:24:19 +0000] "PUT /upload HTTP/1.1" 200 3007 "http://localhost:4200/" "Mozilla/5.0 (Windows NT 10.0; Win64; x64) AppleWebKit/537.36 (KHTML, like Gecko) Chrome/79.0.3945.130 Safari/537.36"
::1 - - [26/Jan/2020:07:24:20 +0000] "DELETE /remove/demo.html HTTP/1.1" 204 - "http://localhost:4200/" "Mozilla/5.0 (Windows NT 10.0; Win64; x64) AppleWebKit/537.36 (KHTML, like Gecko) Chrome/79.0.3945.130 Safari/537.36"
::1 - - [26/Jan/2020:07:30:41 +0000] "PUT /upload HTTP/1.1" 404 145 "http://localhost:4200/" "Mozilla/5.0 (Windows NT 10.0; Win64; x64) AppleWebKit/537.36 (KHTML, like Gecko) Chrome/79.0.3945.130 Safari/537.36"
::1 - - [26/Jan/2020:07:32:03 +0000] "PUT /upload HTTP/1.1" 200 3007 "http://localhost:4200/" "Mozilla/5.0 (Windows NT 10.0; Win64; x64) AppleWebKit/537.36 (KHTML, like Gecko) Chrome/79.0.3945.130 Safari/537.36"
::1 - - [26/Jan/2020:07:32:08 +0000] "DELETE /remove/demo.html HTTP/1.1" 204 - "http://localhost:4200/" "Mozilla/5.0 (Windows NT 10.0; Win64; x64) AppleWebKit/537.36 (KHTML, like Gecko) Chrome/79.0.3945.130 Safari/537.36"
::1 - - [26/Jan/2020:07:32:09 +0000] "DELETE /remove/demo.html HTTP/1.1" 500 21 "http://localhost:4200/" "Mozilla/5.0 (Windows NT 10.0; Win64; x64) AppleWebKit/537.36 (KHTML, like Gecko) Chrome/79.0.3945.130 Safari/537.36"
::1 - - [26/Jan/2020:07:33:59 +0000] "PUT /file/upload HTTP/1.1" 404 150 "http://localhost:4200/" "Mozilla/5.0 (Windows NT 10.0; Win64; x64) AppleWebKit/537.36 (KHTML, like Gecko) Chrome/79.0.3945.130 Safari/537.36"
::1 - - [26/Jan/2020:07:35:11 +0000] "PUT /file/upload HTTP/1.1" 200 3007 "http://localhost:4200/" "Mozilla/5.0 (Linux; Android 6.0; Nexus 5 Build/MRA58N) AppleWebKit/537.36 (KHTML, like Gecko) Chrome/79.0.3945.130 Mobile Safari/537.36"
::1 - - [26/Jan/2020:07:35:13 +0000] "DELETE /file/remove/demo.html HTTP/1.1" 204 - "http://localhost:4200/" "Mozilla/5.0 (Linux; Android 6.0; Nexus 5 Build/MRA58N) AppleWebKit/537.36 (KHTML, like Gecko) Chrome/79.0.3945.130 Mobile Safari/537.36"
::1 - - [26/Jan/2020:07:35:54 +0000] "PUT /file/upload HTTP/1.1" 200 3007 "http://localhost:4200/" "Mozilla/5.0 (Linux; Android 6.0; Nexus 5 Build/MRA58N) AppleWebKit/537.36 (KHTML, like Gecko) Chrome/79.0.3945.130 Mobile Safari/537.36"
::1 - - [26/Jan/2020:07:35:59 +0000] "DELETE /file/remove/demo.html HTTP/1.1" 204 - "http://localhost:4200/" "Mozilla/5.0 (Linux; Android 6.0; Nexus 5 Build/MRA58N) AppleWebKit/537.36 (KHTML, like Gecko) Chrome/79.0.3945.130 Mobile Safari/537.36"
::1 - - [26/Jan/2020:08:23:44 +0000] "PUT /file/upload HTTP/1.1" 200 3007 "http://localhost:4200/" "Mozilla/5.0 (Windows NT 10.0; Win64; x64) AppleWebKit/537.36 (KHTML, like Gecko) Chrome/79.0.3945.130 Safari/537.36"
::1 - - [26/Jan/2020:08:23:52 +0000] "DELETE /file/remove/demo.html HTTP/1.1" 204 - "http://localhost:4200/" "Mozilla/5.0 (Windows NT 10.0; Win64; x64) AppleWebKit/537.36 (KHTML, like Gecko) Chrome/79.0.3945.130 Safari/537.36"
::1 - - [26/Jan/2020:08:27:12 +0000] "PUT /file/upload HTTP/1.1" 200 3007 "http://localhost:4200/" "Mozilla/5.0 (Windows NT 10.0; Win64; x64) AppleWebKit/537.36 (KHTML, like Gecko) Chrome/79.0.3945.130 Safari/537.36"
::1 - - [26/Jan/2020:08:31:59 +0000] "GET /file/download/demo.html HTTP/1.1" - - "http://localhost:4200/" "Mozilla/5.0 (Windows NT 10.0; Win64; x64) AppleWebKit/537.36 (KHTML, like Gecko) Chrome/79.0.3945.130 Safari/537.36"
::1 - - [26/Jan/2020:08:32:24 +0000] "PUT /file/upload HTTP/1.1" 200 3007 "http://localhost:4200/" "Mozilla/5.0 (Windows NT 10.0; Win64; x64) AppleWebKit/537.36 (KHTML, like Gecko) Chrome/79.0.3945.130 Safari/537.36"
::1 - - [26/Jan/2020:08:33:25 +0000] "GET /file/download/demo.html HTTP/1.1" - - "http://localhost:4200/" "Mozilla/5.0 (Windows NT 10.0; Win64; x64) AppleWebKit/537.36 (KHTML, like Gecko) Chrome/79.0.3945.130 Safari/537.36"
::1 - - [26/Jan/2020:08:33:25 +0000] "GET /file/download/demo.html HTTP/1.1" - - "http://localhost:4200/" "Mozilla/5.0 (Linux; Android 6.0; Nexus 5 Build/MRA58N) AppleWebKit/537.36 (KHTML, like Gecko) Chrome/79.0.3945.130 Mobile Safari/537.36"
::1 - - [26/Jan/2020:08:34:12 +0000] "PUT /file/upload HTTP/1.1" 200 3007 "http://localhost:4200/" "Mozilla/5.0 (Linux; Android 6.0; Nexus 5 Build/MRA58N) AppleWebKit/537.36 (KHTML, like Gecko) Chrome/79.0.3945.130 Mobile Safari/537.36"
::1 - - [26/Jan/2020:08:34:26 +0000] "GET /file/download/demo.html HTTP/1.1" - - "http://localhost:4200/" "Mozilla/5.0 (Linux; Android 6.0; Nexus 5 Build/MRA58N) AppleWebKit/537.36 (KHTML, like Gecko) Chrome/79.0.3945.130 Mobile Safari/537.36"
::1 - - [26/Jan/2020:08:34:59 +0000] "PUT /file/upload HTTP/1.1" 200 3007 "http://localhost:4200/" "Mozilla/5.0 (Linux; Android 6.0; Nexus 5 Build/MRA58N) AppleWebKit/537.36 (KHTML, like Gecko) Chrome/79.0.3945.130 Mobile Safari/537.36"
::1 - - [26/Jan/2020:08:35:33 +0000] "GET /file/download/demo.html HTTP/1.1" - - "http://localhost:4200/" "Mozilla/5.0 (Linux; Android 6.0; Nexus 5 Build/MRA58N) AppleWebKit/537.36 (KHTML, like Gecko) Chrome/79.0.3945.130 Mobile Safari/537.36"
::1 - - [26/Jan/2020:08:36:13 +0000] "PUT /file/upload HTTP/1.1" 200 3007 "http://localhost:4200/" "Mozilla/5.0 (Linux; Android 6.0; Nexus 5 Build/MRA58N) AppleWebKit/537.36 (KHTML, like Gecko) Chrome/79.0.3945.130 Mobile Safari/537.36"
::1 - - [26/Jan/2020:08:37:17 +0000] "GET /file/download/demo.html HTTP/1.1" - - "http://localhost:4200/" "Mozilla/5.0 (Linux; Android 6.0; Nexus 5 Build/MRA58N) AppleWebKit/537.36 (KHTML, like Gecko) Chrome/79.0.3945.130 Mobile Safari/537.36"
::1 - - [26/Jan/2020:08:39:32 +0000] "PUT /file/upload HTTP/1.1" 200 3007 "http://localhost:4200/" "Mozilla/5.0 (Windows NT 10.0; Win64; x64) AppleWebKit/537.36 (KHTML, like Gecko) Chrome/79.0.3945.130 Safari/537.36"
::1 - - [26/Jan/2020:08:41:47 +0000] "PUT /file/upload HTTP/1.1" 200 3007 "http://localhost:4200/" "Mozilla/5.0 (Windows NT 10.0; Win64; x64) AppleWebKit/537.36 (KHTML, like Gecko) Chrome/79.0.3945.130 Safari/537.36"
::1 - - [26/Jan/2020:08:42:36 +0000] "DELETE /file/remove/demo.html HTTP/1.1" 204 - "http://localhost:4200/" "Mozilla/5.0 (Windows NT 10.0; Win64; x64) AppleWebKit/537.36 (KHTML, like Gecko) Chrome/79.0.3945.130 Safari/537.36"
::1 - - [26/Jan/2020:08:43:51 +0000] "GET /file/download/demo.html HTTP/1.1" - - "http://localhost:4200/" "Mozilla/5.0 (Windows NT 10.0; Win64; x64) AppleWebKit/537.36 (KHTML, like Gecko) Chrome/79.0.3945.130 Safari/537.36"
::1 - - [26/Jan/2020:08:45:51 +0000] "GET /file/download/demo.html HTTP/1.1" - - "http://localhost:4200/" "Mozilla/5.0 (Windows NT 10.0; Win64; x64) AppleWebKit/537.36 (KHTML, like Gecko) Chrome/79.0.3945.130 Safari/537.36"
::1 - - [26/Jan/2020:08:47:11 +0000] "GET /file/download/demo.html HTTP/1.1" - - "http://localhost:4200/" "Mozilla/5.0 (Windows NT 10.0; Win64; x64) AppleWebKit/537.36 (KHTML, like Gecko) Chrome/79.0.3945.130 Safari/537.36"
::1 - - [26/Jan/2020:08:47:18 +0000] "PUT /file/upload HTTP/1.1" 200 3007 "http://localhost:4200/" "Mozilla/5.0 (Windows NT 10.0; Win64; x64) AppleWebKit/537.36 (KHTML, like Gecko) Chrome/79.0.3945.130 Safari/537.36"
::1 - - [26/Jan/2020:08:47:27 +0000] "DELETE /file/remove/demo.html HTTP/1.1" 204 - "http://localhost:4200/" "Mozilla/5.0 (Linux; Android 6.0; Nexus 5 Build/MRA58N) AppleWebKit/537.36 (KHTML, like Gecko) Chrome/79.0.3945.130 Mobile Safari/537.36"
::1 - - [26/Jan/2020:08:47:58 +0000] "GET /file/download/demo.html HTTP/1.1" - - "http://localhost:4200/" "Mozilla/5.0 (Windows NT 10.0; Win64; x64) AppleWebKit/537.36 (KHTML, like Gecko) Chrome/79.0.3945.130 Safari/537.36"
::1 - - [26/Jan/2020:08:48:04 +0000] "PUT /file/upload HTTP/1.1" 200 3007 "http://localhost:4200/" "Mozilla/5.0 (Windows NT 10.0; Win64; x64) AppleWebKit/537.36 (KHTML, like Gecko) Chrome/79.0.3945.130 Safari/537.36"
::ffff:127.0.0.1 - - [26/Jan/2020:08:48:44 +0000] "GET /file/download/demo.html HTTP/1.1" 200 - "http://localhost:4200/" "Mozilla/5.0 (Windows NT 10.0; Win64; x64) AppleWebKit/537.36 (KHTML, like Gecko) Chrome/79.0.3945.130 Safari/537.36"
::1 - - [26/Jan/2020:09:02:54 +0000] "PUT /file/upload HTTP/1.1" 200 3007 "http://localhost:4200/" "Mozilla/5.0 (Windows NT 10.0; Win64; x64) AppleWebKit/537.36 (KHTML, like Gecko) Chrome/79.0.3945.130 Safari/537.36"
::1 - - [26/Jan/2020:09:02:55 +0000] "GET /file/download/demo.html HTTP/1.1" 200 - "http://localhost:4200/" "Mozilla/5.0 (Windows NT 10.0; Win64; x64) AppleWebKit/537.36 (KHTML, like Gecko) Chrome/79.0.3945.130 Safari/537.36"
::1 - - [26/Jan/2020:09:04:38 +0000] "DELETE /file/remove/demo.html HTTP/1.1" 204 - "http://localhost:4200/" "Mozilla/5.0 (Windows NT 10.0; Win64; x64) AppleWebKit/537.36 (KHTML, like Gecko) Chrome/79.0.3945.130 Safari/537.36"
